TN:
SF:src\App.jsx
FN:7,App
FN:26,(anonymous_1)
FN:26,(anonymous_2)
FNF:3
FNH:0
FNDA:0,App
FNDA:0,(anonymous_1)
FNDA:0,(anonymous_2)
DA:8,0
DA:10,0
DA:26,0
LF:3
LH:0
BRF:0
BRH:0
end_of_record
TN:
SF:src\app\App.jsx
FN:4,App
FNF:1
FNH:0
FNDA:0,App
DA:5,0
LF:1
LH:0
BRF:0
BRH:0
end_of_record
TN:
SF:src\app\routes.jsx
FN:14,AppRoutes
FNF:1
FNH:0
FNDA:0,AppRoutes
DA:15,0
LF:1
LH:0
BRF:0
BRH:0
end_of_record
TN:
SF:src\components\AlertEventCard.jsx
FN:1,formatCurrency
FN:10,formatDateTime
FN:27,getAlertLabel
FN:39,getAlertClassName
FN:51,getSourceLabel
FN:62,getInitials
FN:70,AlertEventCard
FN:136,(anonymous_7)
FNF:8
FNH:8
FNDA:30,formatCurrency
FNDA:15,formatDateTime
FNDA:15,getAlertLabel
FNDA:15,getAlertClassName
FNDA:15,getSourceLabel
FNDA:15,getInitials
FNDA:15,AlertEventCard
FNDA:2,(anonymous_7)
DA:2,30
DA:4,30
DA:11,15
DA:12,0
DA:15,15
DA:17,15
DA:18,0
DA:21,15
DA:28,15
DA:29,15
DA:32,0
DA:33,0
DA:36,0
DA:40,15
DA:41,15
DA:44,0
DA:45,0
DA:48,0
DA:52,15
DA:59,15
DA:63,15
DA:64,0
DA:67,15
DA:71,15
DA:73,15
DA:136,2
LF:26
LH:17
BRDA:2,0,0,30
BRDA:2,0,1,0
BRDA:7,1,0,30
BRDA:7,1,1,0
BRDA:11,2,0,0
BRDA:11,2,1,15
BRDA:17,3,0,0
BRDA:17,3,1,15
BRDA:28,4,0,15
BRDA:28,4,1,0
BRDA:32,5,0,0
BRDA:32,5,1,0
BRDA:40,6,0,15
BRDA:40,6,1,0
BRDA:44,7,0,0
BRDA:44,7,1,0
BRDA:59,8,0,15
BRDA:59,8,1,0
BRDA:59,8,2,0
BRDA:63,9,0,0
BRDA:63,9,1,15
BRDA:74,10,0,2
BRDA:74,10,1,13
BRDA:82,11,0,15
BRDA:82,11,1,0
BRDA:83,12,0,15
BRDA:83,12,1,0
BRDA:87,13,0,15
BRDA:87,13,1,13
BRDA:107,14,0,2
BRDA:107,14,1,13
BRDA:108,15,0,2
BRDA:108,15,1,13
BRDA:115,16,0,15
BRDA:115,16,1,0
BRDA:129,17,0,15
BRDA:129,17,1,15
BRDA:131,18,0,15
BRDA:131,18,1,13
BRDA:139,19,0,1
BRDA:139,19,1,12
BRF:41
BRH:25
end_of_record
TN:
SF:src\components\AlertForm.jsx
FN:1,AlertForm
FNF:1
FNH:0
FNDA:0,AlertForm
DA:8,0
LF:1
LH:0
BRDA:40,0,0,0
BRDA:40,0,1,0
BRF:2
BRH:0
end_of_record
TN:
SF:src\components\AssetAutocomplete.jsx
FN:5,cleanTicker
FN:17,AssetAutocomplete
FN:35,(anonymous_2)
FN:37,(anonymous_3)
FN:41,(anonymous_4)
FN:42,handleClickOutside
FN:50,(anonymous_6)
FN:53,(anonymous_7)
FN:60,(anonymous_8)
FN:80,(anonymous_9)
FN:83,handleInputChange
FN:92,handleSelect
FN:104,handleKeyDown
FN:111,(anonymous_13)
FN:116,(anonymous_14)
FN:130,handleClear
FN:155,(anonymous_16)
FN:195,(anonymous_17)
FN:203,(anonymous_18)
FN:204,(anonymous_19)
FNF:20
FNH:0
FNDA:0,cleanTicker
FNDA:0,AssetAutocomplete
FNDA:0,(anonymous_2)
FNDA:0,(anonymous_3)
FNDA:0,(anonymous_4)
FNDA:0,handleClickOutside
FNDA:0,(anonymous_6)
FNDA:0,(anonymous_7)
FNDA:0,(anonymous_8)
FNDA:0,(anonymous_9)
FNDA:0,handleInputChange
FNDA:0,handleSelect
FNDA:0,handleKeyDown
FNDA:0,(anonymous_13)
FNDA:0,(anonymous_14)
FNDA:0,handleClear
FNDA:0,(anonymous_16)
FNDA:0,(anonymous_17)
FNDA:0,(anonymous_18)
FNDA:0,(anonymous_19)
DA:6,0
DA:7,0
DA:10,0
DA:25,0
DA:26,0
DA:28,0
DA:29,0
DA:30,0
DA:31,0
DA:32,0
DA:33,0
DA:35,0
DA:37,0
DA:38,0
DA:41,0
DA:43,0
DA:44,0
DA:45,0
DA:49,0
DA:50,0
DA:53,0
DA:54,0
DA:55,0
DA:56,0
DA:57,0
DA:60,0
DA:61,0
DA:62,0
DA:63,0
DA:65,0
DA:66,0
DA:68,0
DA:69,0
DA:70,0
DA:72,0
DA:73,0
DA:74,0
DA:76,0
DA:80,0
DA:84,0
DA:86,0
DA:87,0
DA:88,0
DA:89,0
DA:93,0
DA:94,0
DA:96,0
DA:97,0
DA:98,0
DA:100,0
DA:101,0
DA:105,0
DA:106,0
DA:109,0
DA:110,0
DA:111,0
DA:114,0
DA:115,0
DA:116,0
DA:119,0
DA:120,0
DA:121,0
DA:124,0
DA:125,0
DA:126,0
DA:131,0
DA:132,0
DA:133,0
DA:134,0
DA:135,0
DA:136,0
DA:137,0
DA:140,0
DA:156,0
DA:157,0
DA:196,0
DA:198,0
DA:203,0
DA:204,0
LF:79
LH:0
BRDA:6,0,0,0
BRDA:6,0,1,0
BRDA:21,1,0,0
BRDA:22,2,0,0
BRDA:23,3,0,0
BRDA:28,4,0,0
BRDA:28,4,1,0
BRDA:38,5,0,0
BRDA:38,5,1,0
BRDA:43,6,0,0
BRDA:43,6,1,0
BRDA:43,7,0,0
BRDA:43,7,1,0
BRDA:54,8,0,0
BRDA:54,8,1,0
BRDA:54,9,0,0
BRDA:54,9,1,0
BRDA:66,10,0,0
BRDA:66,10,1,0
BRDA:70,11,0,0
BRDA:70,11,1,0
BRDA:94,12,0,0
BRDA:94,12,1,0
BRDA:105,13,0,0
BRDA:105,13,1,0
BRDA:105,14,0,0
BRDA:105,14,1,0
BRDA:109,15,0,0
BRDA:109,15,1,0
BRDA:111,16,0,0
BRDA:111,16,1,0
BRDA:114,17,0,0
BRDA:114,17,1,0
BRDA:116,18,0,0
BRDA:116,18,1,0
BRDA:119,19,0,0
BRDA:119,19,1,0
BRDA:119,20,0,0
BRDA:119,20,1,0
BRDA:124,21,0,0
BRDA:124,21,1,0
BRDA:156,22,0,0
BRDA:156,22,1,0
BRDA:156,23,0,0
BRDA:156,23,1,0
BRDA:163,24,0,0
BRDA:163,24,1,0
BRDA:179,25,0,0
BRDA:179,25,1,0
BRDA:181,26,0,0
BRDA:181,26,1,0
BRDA:183,27,0,0
BRDA:183,27,1,0
BRDA:183,27,2,0
BRDA:187,28,0,0
BRDA:187,28,1,0
BRDA:187,28,2,0
BRDA:187,28,3,0
BRDA:187,28,4,0
BRDA:193,29,0,0
BRDA:193,29,1,0
BRDA:193,29,2,0
BRDA:202,30,0,0
BRDA:202,30,1,0
BRDA:209,31,0,0
BRDA:209,31,1,0
BRDA:215,32,0,0
BRDA:215,32,1,0
BRF:68
BRH:0
end_of_record
TN:
SF:src\components\AssetSearchInput.jsx
FN:7,cleanTicker
FN:19,AssetSearchInput
FN:31,(anonymous_2)
FN:34,(anonymous_3)
FN:39,(anonymous_4)
FN:40,handleClickOutside
FN:47,(anonymous_6)
FN:50,(anonymous_7)
FN:56,(anonymous_8)
FN:71,(anonymous_9)
FN:74,handleInputChange
FN:84,handleSelect
FN:94,handleQuickSelect
FN:102,handleClear
FN:125,(anonymous_14)
FN:148,(anonymous_15)
FN:154,(anonymous_16)
FN:176,(anonymous_17)
FN:181,(anonymous_18)
FNF:19
FNH:0
FNDA:0,cleanTicker
FNDA:0,AssetSearchInput
FNDA:0,(anonymous_2)
FNDA:0,(anonymous_3)
FNDA:0,(anonymous_4)
FNDA:0,handleClickOutside
FNDA:0,(anonymous_6)
FNDA:0,(anonymous_7)
FNDA:0,(anonymous_8)
FNDA:0,(anonymous_9)
FNDA:0,handleInputChange
FNDA:0,handleSelect
FNDA:0,handleQuickSelect
FNDA:0,handleClear
FNDA:0,(anonymous_14)
FNDA:0,(anonymous_15)
FNDA:0,(anonymous_16)
FNDA:0,(anonymous_17)
FNDA:0,(anonymous_18)
DA:5,0
DA:8,0
DA:9,0
DA:12,0
DA:20,0
DA:22,0
DA:24,0
DA:25,0
DA:26,0
DA:27,0
DA:28,0
DA:29,0
DA:31,0
DA:32,0
DA:34,0
DA:35,0
DA:36,0
DA:39,0
DA:41,0
DA:42,0
DA:46,0
DA:47,0
DA:50,0
DA:51,0
DA:52,0
DA:53,0
DA:56,0
DA:57,0
DA:58,0
DA:59,0
DA:61,0
DA:62,0
DA:64,0
DA:65,0
DA:67,0
DA:71,0
DA:75,0
DA:76,0
DA:78,0
DA:79,0
DA:80,0
DA:81,0
DA:85,0
DA:87,0
DA:88,0
DA:89,0
DA:90,0
DA:91,0
DA:95,0
DA:96,0
DA:97,0
DA:98,0
DA:99,0
DA:103,0
DA:104,0
DA:105,0
DA:106,0
DA:107,0
DA:110,0
DA:125,0
DA:149,0
DA:154,0
DA:177,0
DA:181,0
LF:64
LH:0
BRDA:8,0,0,0
BRDA:8,0,1,0
BRDA:24,1,0,0
BRDA:24,1,1,0
BRDA:26,2,0,0
BRDA:26,2,1,0
BRDA:32,3,0,0
BRDA:32,3,1,0
BRDA:32,3,2,0
BRDA:32,3,3,0
BRDA:35,4,0,0
BRDA:35,4,1,0
BRDA:36,5,0,0
BRDA:36,5,1,0
BRDA:41,6,0,0
BRDA:41,6,1,0
BRDA:41,7,0,0
BRDA:41,7,1,0
BRDA:51,8,0,0
BRDA:51,8,1,0
BRDA:51,9,0,0
BRDA:51,9,1,0
BRDA:51,9,2,0
BRDA:62,10,0,0
BRDA:62,10,1,0
BRDA:87,11,0,0
BRDA:87,11,1,0
BRDA:114,12,0,0
BRDA:114,12,1,0
BRDA:129,13,0,0
BRDA:129,13,1,0
BRDA:146,14,0,0
BRDA:146,14,1,0
BRDA:162,15,0,0
BRDA:162,15,1,0
BRDA:164,16,0,0
BRDA:164,16,1,0
BRDA:166,17,0,0
BRDA:166,17,1,0
BRDA:166,17,2,0
BRDA:168,18,0,0
BRDA:168,18,1,0
BRDA:168,18,2,0
BRDA:168,18,3,0
BRDA:168,18,4,0
BRDA:174,19,0,0
BRDA:174,19,1,0
BRDA:174,19,2,0
BRDA:185,20,0,0
BRDA:185,20,1,0
BRF:50
BRH:0
end_of_record
TN:
SF:src\components\AssetSelect.jsx
FN:5,AssetSelect
FN:12,(anonymous_1)
FN:13,loadAssets
FN:44,(anonymous_3)
FN:51,(anonymous_4)
FNF:5
FNH:0
FNDA:0,AssetSelect
FNDA:0,(anonymous_1)
FNDA:0,loadAssets
FNDA:0,(anonymous_3)
FNDA:0,(anonymous_4)
DA:6,0
DA:8,0
DA:9,0
DA:10,0
DA:12,0
DA:14,0
DA:15,0
DA:16,0
DA:19,0
DA:20,0
DA:21,0
DA:23,0
DA:25,0
DA:27,0
DA:29,0
DA:31,0
DA:35,0
DA:38,0
DA:44,0
DA:52,0
LF:20
LH:0
BRDA:14,0,0,0
BRDA:14,0,1,0
BRDA:25,1,0,0
BRDA:25,1,1,0
BRDA:25,2,0,0
BRDA:25,2,1,0
BRDA:48,3,0,0
BRDA:48,3,1,0
BRDA:58,4,0,0
BRDA:58,4,1,0
BRF:10
BRH:0
end_of_record
TN:
SF:src\components\AssetTickerSearch.jsx
FN:4,AssetTickerSearch
FN:10,handleSearchAsset
FN:45,(anonymous_2)
FNF:3
FNH:0
FNDA:0,AssetTickerSearch
FNDA:0,handleSearchAsset
FNDA:0,(anonymous_2)
DA:5,0
DA:6,0
DA:7,0
DA:8,0
DA:11,0
DA:12,0
DA:13,0
DA:16,0
DA:17,0
DA:18,0
DA:20,0
DA:22,0
DA:24,0
DA:25,0
DA:28,0
DA:29,0
DA:31,0
DA:35,0
DA:45,0
LF:19
LH:0
BRDA:11,0,0,0
BRDA:11,0,1,0
BRDA:24,1,0,0
BRDA:24,1,1,0
BRDA:29,2,0,0
BRDA:29,2,1,0
BRDA:56,3,0,0
BRDA:56,3,1,0
BRDA:60,4,0,0
BRDA:60,4,1,0
BRDA:66,5,0,0
BRDA:66,5,1,0
BRF:12
BRH:0
end_of_record
TN:
SF:src\components\DashboardRecentAlerts.jsx
FN:1,formatCurrency
FN:10,formatDate
FN:27,getAlertStatus
FN:48,DashboardRecentAlerts
FN:70,(anonymous_4)
FNF:5
FNH:5
FNDA:16,formatCurrency
FNDA:8,formatDate
FNDA:8,getAlertStatus
FNDA:11,DashboardRecentAlerts
FNDA:8,(anonymous_4)
DA:2,16
DA:4,16
DA:11,8
DA:12,8
DA:15,0
DA:17,0
DA:18,0
DA:21,0
DA:28,8
DA:29,0
DA:35,8
DA:36,0
DA:42,8
DA:49,11
DA:51,11
DA:71,8
DA:73,8
LF:17
LH:11
BRDA:2,0,0,16
BRDA:2,0,1,0
BRDA:7,1,0,16
BRDA:7,1,1,0
BRDA:11,2,0,8
BRDA:11,2,1,0
BRDA:17,3,0,0
BRDA:17,3,1,0
BRDA:28,4,0,0
BRDA:28,4,1,8
BRDA:35,5,0,0
BRDA:35,5,1,8
BRDA:48,6,0,11
BRDA:63,7,0,3
BRDA:63,7,1,8
BRDA:77,8,0,8
BRDA:77,8,1,0
BRDA:78,9,0,8
BRDA:78,9,1,8
BRDA:86,10,0,8
BRDA:86,10,1,0
BRDA:103,11,0,8
BRDA:103,11,1,8
BRF:23
BRH:14
end_of_record
TN:
SF:src\components\Layout.jsx
FN:6,Layout
FN:12,(anonymous_1)
FN:21,(anonymous_2)
FN:29,(anonymous_3)
FN:39,(anonymous_4)
FNF:5
FNH:0
FNDA:0,Layout
FNDA:0,(anonymous_1)
FNDA:0,(anonymous_2)
FNDA:0,(anonymous_3)
FNDA:0,(anonymous_4)
DA:7,0
DA:8,0
DA:10,0
DA:12,0
DA:13,0
DA:16,0
DA:21,0
DA:29,0
DA:39,0
LF:9
LH:0
BRDA:25,0,0,0
BRDA:25,0,1,0
BRF:2
BRH:0
end_of_record
TN:
SF:src\components\PortfolioAssetsSection.jsx
FN:3,formatCurrency
FN:12,formatPercent
FN:21,getGainClass
FN:25,getOpportunityLabel
FN:33,getOpportunityClass
FN:41,PortfolioAssetsSection
FN:85,(anonymous_6)
FN:112,(anonymous_7)
FN:120,(anonymous_8)
FN:190,(anonymous_9)
FN:224,(anonymous_10)
FN:243,(anonymous_11)
FN:244,(anonymous_12)
FN:245,(anonymous_13)
FNF:14
FNH:0
FNDA:0,formatCurrency
FNDA:0,formatPercent
FNDA:0,getGainClass
FNDA:0,getOpportunityLabel
FNDA:0,getOpportunityClass
FNDA:0,PortfolioAssetsSection
FNDA:0,(anonymous_6)
FNDA:0,(anonymous_7)
FNDA:0,(anonymous_8)
FNDA:0,(anonymous_9)
FNDA:0,(anonymous_10)
FNDA:0,(anonymous_11)
FNDA:0,(anonymous_12)
FNDA:0,(anonymous_13)
DA:4,0
DA:6,0
DA:13,0
DA:15,0
DA:22,0
DA:26,0
DA:27,0
DA:30,0
DA:34,0
DA:35,0
DA:38,0
DA:52,0
DA:54,0
DA:86,0
DA:88,0
DA:112,0
DA:120,0
DA:191,0
DA:224,0
DA:243,0
DA:244,0
DA:245,0
LF:22
LH:0
BRDA:4,0,0,0
BRDA:4,0,1,0
BRDA:9,1,0,0
BRDA:9,1,1,0
BRDA:13,2,0,0
BRDA:13,2,1,0
BRDA:18,3,0,0
BRDA:18,3,1,0
BRDA:22,4,0,0
BRDA:22,4,1,0
BRDA:22,5,0,0
BRDA:22,5,1,0
BRDA:26,6,0,0
BRDA:26,6,1,0
BRDA:30,7,0,0
BRDA:30,7,1,0
BRDA:34,8,0,0
BRDA:34,8,1,0
BRDA:38,9,0,0
BRDA:38,9,1,0
BRDA:52,10,0,0
BRDA:52,10,1,0
BRDA:65,11,0,0
BRDA:65,11,1,0
BRDA:73,12,0,0
BRDA:73,12,1,0
BRDA:78,13,0,0
BRDA:78,13,1,0
BRDA:93,14,0,0
BRDA:93,14,1,0
BRDA:127,15,0,0
BRDA:127,15,1,0
BRDA:150,16,0,0
BRDA:150,16,1,0
BRDA:184,17,0,0
BRDA:184,17,1,0
BRDA:188,18,0,0
BRDA:188,18,1,0
BRDA:194,19,0,0
BRDA:194,19,1,0
BRDA:211,20,0,0
BRDA:211,20,1,0
BRDA:216,21,0,0
BRDA:216,21,1,0
BRF:44
BRH:0
end_of_record
TN:
SF:src\components\PortfolioForm.jsx
FN:25,PortfolioForm
FN:35,emitChange
FN:44,applyTemplate
FN:75,(anonymous_3)
FN:80,(anonymous_4)
FNF:5
FNH:0
FNDA:0,PortfolioForm
FNDA:0,emitChange
FNDA:0,applyTemplate
FNDA:0,(anonymous_3)
FNDA:0,(anonymous_4)
DA:1,0
DA:33,0
DA:36,0
DA:45,0
DA:46,0
DA:49,0
DA:76,0
DA:80,0
LF:8
LH:0
BRDA:33,0,0,0
BRDA:33,0,1,0
BRDA:54,1,0,0
BRDA:54,1,1,0
BRDA:57,2,0,0
BRDA:57,2,1,0
BRDA:64,3,0,0
BRDA:64,3,1,0
BRDA:67,4,0,0
BRDA:67,4,1,0
BRDA:128,5,0,0
BRDA:128,5,1,0
BRDA:130,6,0,0
BRDA:130,6,1,0
BRDA:135,7,0,0
BRDA:135,7,1,0
BRF:16
BRH:0
end_of_record
TN:
SF:src\components\PortfolioItemForm.jsx
FN:3,PortfolioItemForm
FNF:1
FNH:0
FNDA:0,PortfolioItemForm
DA:13,0
LF:1
LH:0
BRDA:18,0,0,0
BRDA:18,0,1,0
BRDA:22,1,0,0
BRDA:22,1,1,0
BRDA:30,2,0,0
BRDA:30,2,1,0
BRDA:33,3,0,0
BRDA:33,3,1,0
BRDA:107,4,0,0
BRDA:107,4,1,0
BRDA:109,5,0,0
BRDA:109,5,1,0
BRDA:114,6,0,0
BRDA:114,6,1,0
BRF:14
BRH:0
end_of_record
TN:
SF:src\components\PortfolioSimulationPanel.jsx
FN:1,formatCurrency
FN:10,formatPercent
FN:19,getSourceLabel
FN:32,getStatusMeta
FN:53,MetricValue
FN:64,PortfolioSimulationPanel
FN:161,(anonymous_6)
FNF:7
FNH:0
FNDA:0,formatCurrency
FNDA:0,formatPercent
FNDA:0,getSourceLabel
FNDA:0,getStatusMeta
FNDA:0,MetricValue
FNDA:0,PortfolioSimulationPanel
FNDA:0,(anonymous_6)
DA:2,0
DA:4,0
DA:11,0
DA:13,0
DA:20,0
DA:22,0
DA:24,0
DA:26,0
DA:28,0
DA:33,0
DA:34,0
DA:40,0
DA:41,0
DA:47,0
DA:54,0
DA:56,0
DA:58,0
DA:59,0
DA:61,0
DA:70,0
DA:71,0
DA:73,0
DA:162,0
DA:164,0
LF:24
LH:0
BRDA:2,0,0,0
BRDA:2,0,1,0
BRDA:7,1,0,0
BRDA:7,1,1,0
BRDA:11,2,0,0
BRDA:11,2,1,0
BRDA:16,3,0,0
BRDA:16,3,1,0
BRDA:20,4,0,0
BRDA:20,4,1,0
BRDA:20,4,2,0
BRDA:20,4,3,0
BRDA:33,5,0,0
BRDA:33,5,1,0
BRDA:40,6,0,0
BRDA:40,6,1,0
BRDA:54,7,0,0
BRDA:54,7,1,0
BRDA:58,8,0,0
BRDA:58,8,1,0
BRDA:59,9,0,0
BRDA:59,9,1,0
BRDA:71,10,0,0
BRDA:71,10,1,0
BRDA:90,11,0,0
BRDA:90,11,1,0
BRDA:94,12,0,0
BRDA:94,12,1,0
BRDA:96,13,0,0
BRDA:96,13,1,0
BRDA:96,14,0,0
BRDA:96,14,1,0
BRDA:98,15,0,0
BRDA:98,15,1,0
BRDA:98,16,0,0
BRDA:98,16,1,0
BRDA:102,17,0,0
BRDA:102,17,1,0
BRDA:158,18,0,0
BRDA:158,18,1,0
BRDA:202,19,0,0
BRDA:202,19,1,0
BRDA:212,20,0,0
BRDA:212,20,1,0
BRDA:223,21,0,0
BRDA:223,21,1,0
BRDA:250,22,0,0
BRDA:250,22,1,0
BRDA:257,23,0,0
BRDA:257,23,1,0
BRF:50
BRH:0
end_of_record
TN:
SF:src\components\PortfolioSummary.jsx
FN:1,formatCurrency
FN:10,formatPercent
FN:19,PortfolioSummary
FNF:3
FNH:0
FNDA:0,formatCurrency
FNDA:0,formatPercent
FNDA:0,PortfolioSummary
DA:2,0
DA:4,0
DA:11,0
DA:13,0
DA:20,0
DA:21,0
DA:31,0
LF:7
LH:0
BRDA:2,0,0,0
BRDA:2,0,1,0
BRDA:7,1,0,0
BRDA:7,1,1,0
BRDA:11,2,0,0
BRDA:11,2,1,0
BRDA:16,3,0,0
BRDA:16,3,1,0
BRDA:20,4,0,0
BRDA:20,4,1,0
BRDA:37,5,0,0
BRDA:37,5,1,0
BRF:12
BRH:0
end_of_record
TN:
SF:src\components\ProtectedRoute.jsx
FN:4,ProtectedRoute
FNF:1
FNH:0
FNDA:0,ProtectedRoute
DA:5,0
DA:7,0
DA:8,0
DA:11,0
DA:12,0
DA:15,0
LF:6
LH:0
BRDA:7,0,0,0
BRDA:7,0,1,0
BRDA:11,1,0,0
BRDA:11,1,1,0
BRF:4
BRH:0
end_of_record
TN:
SF:src\components\ResultCard.jsx
FN:1,ResultCard
FN:9,(anonymous_1)
FNF:2
FNH:0
FNDA:0,ResultCard
FNDA:0,(anonymous_1)
DA:2,0
DA:4,0
DA:10,0
LF:3
LH:0
BRDA:2,0,0,0
BRDA:2,0,1,0
BRF:2
BRH:0
end_of_record
TN:
SF:src\components\Sidebar.jsx
FN:74,getUserDisplayName
FN:82,Sidebar
FN:117,(anonymous_2)
FN:121,(anonymous_3)
FN:126,(anonymous_4)
FNF:5
FNH:0
FNDA:0,getUserDisplayName
FNDA:0,Sidebar
FNDA:0,(anonymous_2)
FNDA:0,(anonymous_3)
FNDA:0,(anonymous_4)
DA:3,0
DA:75,0
DA:76,0
DA:79,0
DA:83,0
DA:118,0
DA:122,0
DA:127,0
LF:8
LH:0
BRDA:75,0,0,0
BRDA:75,0,1,0
BRDA:79,1,0,0
BRDA:79,1,1,0
BRDA:79,1,2,0
BRDA:79,1,3,0
BRDA:84,2,0,0
BRDA:84,2,1,0
BRDA:127,3,0,0
BRDA:127,3,1,0
BRF:10
BRH:0
end_of_record
TN:
SF:src\components\ValuationResultCard.jsx
FN:37,formatLabel
FN:38,(anonymous_1)
FN:41,isNumeric
FN:49,formatCurrency
FN:56,formatNumber
FN:63,formatPercent
FN:73,shouldFormatAsCurrency
FN:84,shouldFormatAsPercent
FN:95,formatValue
FN:123,getPrimaryEntry
FN:130,(anonymous_10)
FN:135,ValuationResultCard
FN:156,(anonymous_12)
FN:177,(anonymous_13)
FNF:14
FNH:0
FNDA:0,formatLabel
FNDA:0,(anonymous_1)
FNDA:0,isNumeric
FNDA:0,formatCurrency
FNDA:0,formatNumber
FNDA:0,formatPercent
FNDA:0,shouldFormatAsCurrency
FNDA:0,shouldFormatAsPercent
FNDA:0,formatValue
FNDA:0,getPrimaryEntry
FNDA:0,(anonymous_10)
FNDA:0,ValuationResultCard
FNDA:0,(anonymous_12)
FNDA:0,(anonymous_13)
DA:1,0
DA:29,0
DA:38,0
DA:42,0
DA:43,0
DA:46,0
DA:50,0
DA:57,0
DA:64,0
DA:65,0
DA:67,0
DA:74,0
DA:76,0
DA:85,0
DA:87,0
DA:96,0
DA:97,0
DA:100,0
DA:101,0
DA:104,0
DA:105,0
DA:108,0
DA:109,0
DA:110,0
DA:113,0
DA:114,0
DA:117,0
DA:120,0
DA:124,0
DA:125,0
DA:126,0
DA:130,0
DA:131,0
DA:143,0
DA:144,0
DA:153,0
DA:154,0
DA:156,0
DA:157,0
DA:160,0
DA:178,0
LF:41
LH:0
BRDA:38,0,0,0
BRDA:38,0,1,0
BRDA:42,1,0,0
BRDA:42,1,1,0
BRDA:42,2,0,0
BRDA:42,2,1,0
BRDA:42,2,2,0
BRDA:65,3,0,0
BRDA:65,3,1,0
BRDA:77,4,0,0
BRDA:77,4,1,0
BRDA:77,4,2,0
BRDA:77,4,3,0
BRDA:88,5,0,0
BRDA:88,5,1,0
BRDA:88,5,2,0
BRDA:88,5,3,0
BRDA:96,6,0,0
BRDA:96,6,1,0
BRDA:96,7,0,0
BRDA:96,7,1,0
BRDA:96,7,2,0
BRDA:100,8,0,0
BRDA:100,8,1,0
BRDA:104,9,0,0
BRDA:104,9,1,0
BRDA:105,10,0,0
BRDA:105,10,1,0
BRDA:108,11,0,0
BRDA:108,11,1,0
BRDA:109,12,0,0
BRDA:109,12,1,0
BRDA:113,13,0,0
BRDA:113,13,1,0
BRDA:125,14,0,0
BRDA:125,14,1,0
BRDA:125,15,0,0
BRDA:125,15,1,0
BRDA:125,15,2,0
BRDA:130,16,0,0
BRDA:130,16,1,0
BRDA:131,17,0,0
BRDA:131,17,1,0
BRDA:131,17,2,0
BRDA:131,17,3,0
BRDA:139,18,0,0
BRDA:140,19,0,0
BRDA:141,20,0,0
BRDA:143,21,0,0
BRDA:143,21,1,0
BRDA:154,22,0,0
BRDA:154,22,1,0
BRDA:157,23,0,0
BRDA:157,23,1,0
BRDA:166,24,0,0
BRDA:166,24,1,0
BRDA:175,25,0,0
BRDA:175,25,1,0
BRF:58
BRH:0
end_of_record
TN:
SF:src\contexts\AuthContext.jsx
FN:18,AuthProvider
FN:23,(anonymous_1)
FN:29,(anonymous_2)
FN:46,signIn
FN:56,signOut
FN:66,(anonymous_5)
FN:70,(anonymous_6)
FN:71,(anonymous_7)
FN:91,useAuth
FNF:9
FNH:0
FNDA:0,AuthProvider
FNDA:0,(anonymous_1)
FNDA:0,(anonymous_2)
FNDA:0,signIn
FNDA:0,signOut
FNDA:0,(anonymous_5)
FNDA:0,(anonymous_6)
FNDA:0,(anonymous_7)
FNDA:0,useAuth
DA:16,0
DA:19,0
DA:20,0
DA:21,0
DA:23,0
DA:24,0
DA:25,0
DA:26,0
DA:29,0
DA:30,0
DA:31,0
DA:32,0
DA:34,0
DA:35,0
DA:37,0
DA:38,0
DA:40,0
DA:42,0
DA:47,0
DA:49,0
DA:50,0
DA:52,0
DA:53,0
DA:57,0
DA:58,0
DA:62,0
DA:66,0
DA:67,0
DA:68,0
DA:70,0
DA:71,0
DA:75,0
DA:92,0
LF:33
LH:0
BRF:0
BRH:0
end_of_record
TN:
SF:src\pages\AlertEventsPage.jsx
FN:11,extractErrorMessage
FN:40,normalizeList
FN:52,getStats
FN:53,(anonymous_3)
FN:80,AlertEventsPage
FN:99,(anonymous_5)
FN:106,(anonymous_6)
FN:121,(anonymous_7)
FN:123,fetchPortfolios
FN:150,fetchAlerts
FN:187,(anonymous_10)
FN:192,(anonymous_11)
FN:197,(anonymous_12)
FN:202,(anonymous_13)
FN:207,handleRefreshAlerts
FN:211,handleCheckAlerts
FN:249,handleMarkAsRead
FN:261,(anonymous_17)
FN:262,(anonymous_18)
FN:383,(anonymous_19)
FN:388,(anonymous_20)
FN:401,(anonymous_21)
FN:410,(anonymous_22)
FN:438,(anonymous_23)
FNF:24
FNH:20
FNDA:0,extractErrorMessage
FNDA:11,normalizeList
FNDA:9,getStats
FNDA:5,(anonymous_3)
FNDA:22,AlertEventsPage
FNDA:9,(anonymous_5)
FNDA:0,(anonymous_6)
FNDA:9,(anonymous_7)
FNDA:4,fetchPortfolios
FNDA:7,fetchAlerts
FNDA:4,(anonymous_10)
FNDA:4,(anonymous_11)
FNDA:6,(anonymous_12)
FNDA:6,(anonymous_13)
FNDA:0,handleRefreshAlerts
FNDA:1,handleCheckAlerts
FNDA:1,handleMarkAsRead
FNDA:1,(anonymous_17)
FNDA:1,(anonymous_18)
FNDA:1,(anonymous_19)
FNDA:14,(anonymous_20)
FNDA:0,(anonymous_21)
FNDA:1,(anonymous_22)
FNDA:12,(anonymous_23)
DA:12,0
DA:14,0
DA:15,0
DA:18,0
DA:19,0
DA:22,0
DA:23,0
DA:26,0
DA:27,0
DA:29,0
DA:30,0
DA:33,0
DA:34,0
DA:37,0
DA:41,11
DA:42,11
DA:45,0
DA:46,0
DA:49,0
DA:53,9
DA:55,5
DA:57,5
DA:58,4
DA:61,5
DA:62,5
DA:65,5
DA:66,0
DA:69,5
DA:81,22
DA:83,22
DA:84,22
DA:86,22
DA:87,22
DA:88,22
DA:90,22
DA:91,22
DA:92,22
DA:93,22
DA:95,22
DA:96,22
DA:97,22
DA:99,22
DA:100,9
DA:102,9
DA:103,9
DA:106,0
DA:107,0
DA:117,0
DA:121,22
DA:124,4
DA:125,0
DA:128,4
DA:129,4
DA:130,4
DA:132,4
DA:134,4
DA:135,4
DA:138,0
DA:139,0
DA:144,4
DA:145,4
DA:151,7
DA:152,0
DA:155,7
DA:156,7
DA:157,7
DA:159,7
DA:161,7
DA:162,2
DA:165,7
DA:166,1
DA:169,7
DA:171,7
DA:172,7
DA:175,0
DA:176,0
DA:181,7
DA:182,7
DA:187,22
DA:188,4
DA:190,4
DA:192,4
DA:193,4
DA:197,22
DA:198,6
DA:200,6
DA:202,6
DA:203,6
DA:208,0
DA:212,1
DA:213,0
DA:216,1
DA:217,1
DA:218,1
DA:219,1
DA:220,1
DA:222,1
DA:227,1
DA:228,0
DA:231,1
DA:233,1
DA:234,1
DA:236,1
DA:238,0
DA:245,1
DA:250,1
DA:251,0
DA:254,1
DA:255,1
DA:256,1
DA:257,1
DA:259,1
DA:261,1
DA:262,1
DA:263,1
DA:267,1
DA:269,0
DA:273,1
DA:277,22
DA:383,1
DA:389,14
DA:401,0
DA:410,1
DA:439,12
LF:124
LH:90
BRDA:14,0,0,0
BRDA:14,0,1,0
BRDA:18,1,0,0
BRDA:18,1,1,0
BRDA:22,2,0,0
BRDA:22,2,1,0
BRDA:29,3,0,0
BRDA:29,3,1,0
BRDA:29,4,0,0
BRDA:29,4,1,0
BRDA:33,5,0,0
BRDA:33,5,1,0
BRDA:41,6,0,11
BRDA:41,6,1,0
BRDA:45,7,0,0
BRDA:45,7,1,0
BRDA:57,8,0,4
BRDA:57,8,1,1
BRDA:61,9,0,5
BRDA:61,9,1,0
BRDA:65,10,0,0
BRDA:65,10,1,5
BRDA:102,11,0,9
BRDA:102,11,1,0
BRDA:123,12,0,4
BRDA:124,13,0,0
BRDA:124,13,1,4
BRDA:134,14,0,4
BRDA:134,14,1,0
BRDA:138,15,0,0
BRDA:138,15,1,0
BRDA:144,16,0,4
BRDA:144,16,1,0
BRDA:150,17,0,7
BRDA:151,18,0,0
BRDA:151,18,1,7
BRDA:161,19,0,2
BRDA:161,19,1,5
BRDA:165,20,0,1
BRDA:165,20,1,6
BRDA:171,21,0,7
BRDA:171,21,1,0
BRDA:175,22,0,0
BRDA:175,22,1,0
BRDA:181,23,0,7
BRDA:181,23,1,0
BRDA:212,24,0,0
BRDA:212,24,1,1
BRDA:227,25,0,0
BRDA:227,25,1,1
BRDA:250,26,0,0
BRDA:250,26,1,1
BRDA:263,27,0,1
BRDA:263,27,1,0
BRDA:296,28,0,22
BRDA:296,28,1,16
BRDA:307,29,0,1
BRDA:307,29,1,21
BRDA:312,30,0,22
BRDA:312,30,1,0
BRDA:313,31,0,22
BRDA:313,31,1,2
BRDA:337,32,0,22
BRDA:337,32,1,1
BRDA:347,33,0,1
BRDA:347,33,1,0
BRDA:352,34,0,1
BRDA:352,34,1,0
BRDA:357,35,0,1
BRDA:357,35,1,0
BRDA:362,36,0,1
BRDA:362,36,1,0
BRDA:426,37,0,6
BRDA:426,37,1,16
BRDA:428,38,0,4
BRDA:428,38,1,12
BRF:76
BRH:39
end_of_record
TN:
SF:src\pages\BarsiPage.jsx
FN:13,getApiError
FN:27,BarsiPage
FN:45,(anonymous_2)
FN:49,handleChange
FN:52,(anonymous_4)
FN:58,handleTickerChange
FN:59,(anonymous_6)
FN:69,handleAssetSelected
FN:79,(anonymous_8)
FN:88,buildPayload
FN:108,(anonymous_10)
FN:117,handleSubmit
FN:234,(anonymous_12)
FN:262,(anonymous_13)
FNF:14
FNH:13
FNDA:0,getApiError
FNDA:22,BarsiPage
FNDA:9,(anonymous_2)
FNDA:10,handleChange
FNDA:10,(anonymous_4)
FNDA:5,handleTickerChange
FNDA:5,(anonymous_6)
FNDA:1,handleAssetSelected
FNDA:1,(anonymous_8)
FNDA:1,buildPayload
FNDA:4,(anonymous_10)
FNDA:2,handleSubmit
FNDA:88,(anonymous_12)
FNDA:66,(anonymous_13)
DA:7,1
DA:14,0
DA:16,0
DA:17,0
DA:20,0
DA:21,0
DA:24,0
DA:28,22
DA:30,22
DA:40,22
DA:41,22
DA:42,22
DA:43,22
DA:45,22
DA:46,9
DA:50,10
DA:52,10
DA:59,5
DA:64,5
DA:65,5
DA:66,5
DA:70,1
DA:71,0
DA:72,0
DA:73,0
DA:74,0
DA:77,1
DA:79,1
DA:84,1
DA:85,1
DA:89,1
DA:95,1
DA:96,1
DA:99,1
DA:100,1
DA:103,1
DA:108,4
DA:110,1
DA:111,1
DA:114,1
DA:118,2
DA:120,2
DA:121,2
DA:123,2
DA:124,1
DA:125,1
DA:128,1
DA:130,1
DA:131,1
DA:132,1
DA:134,0
DA:136,1
DA:140,22
DA:235,88
DA:263,66
LF:55
LH:44
BRDA:16,0,0,0
BRDA:16,0,1,0
BRDA:20,1,0,0
BRDA:20,1,1,0
BRDA:20,2,0,0
BRDA:20,2,1,0
BRDA:24,3,0,0
BRDA:24,3,1,0
BRDA:46,4,0,9
BRDA:46,4,1,8
BRDA:46,4,2,3
BRDA:61,5,0,5
BRDA:61,5,1,0
BRDA:70,6,0,0
BRDA:70,6,1,1
BRDA:95,7,0,1
BRDA:95,7,1,0
BRDA:99,8,0,1
BRDA:99,8,1,0
BRDA:110,9,0,1
BRDA:110,9,1,0
BRDA:123,10,0,1
BRDA:123,10,1,1
BRDA:172,11,0,22
BRDA:172,11,1,18
BRDA:184,12,0,22
BRDA:184,12,1,1
BRDA:190,13,0,1
BRDA:190,13,1,0
BRDA:250,14,0,22
BRDA:250,14,1,1
BRDA:253,15,0,1
BRDA:253,15,1,21
BRF:33
BRH:19
end_of_record
TN:
SF:src\pages\DashboardPage.jsx
FN:44,getResultVariant
FN:48,normalizeList
FN:60,toNumber
FN:65,formatCurrency
FN:72,formatPercent
FN:79,DashboardKpiCard
FN:92,SectionCard
FN:105,DashboardPage
FN:121,(anonymous_8)
FN:135,(anonymous_9)
FN:138,(anonymous_10)
FN:155,(anonymous_11)
FN:180,(anonymous_12)
FN:184,(anonymous_13)
FN:190,handleCheckAlerts
FN:215,(anonymous_15)
FN:217,(anonymous_16)
FN:224,(anonymous_17)
FN:226,(anonymous_18)
FN:234,(anonymous_19)
FN:238,(anonymous_20)
FN:244,(anonymous_21)
FN:247,(anonymous_22)
FN:251,(anonymous_23)
FN:274,(anonymous_24)
FN:279,(anonymous_25)
FN:343,(anonymous_26)
FN:376,(anonymous_27)
FN:384,(anonymous_28)
FN:409,(anonymous_29)
FN:442,(anonymous_30)
FN:452,(anonymous_31)
FNF:32
FNH:26
FNDA:11,getResultVariant
FNDA:7,normalizeList
FNDA:116,toNumber
FNDA:49,formatCurrency
FNDA:19,formatPercent
FNDA:55,DashboardKpiCard
FNDA:44,SectionCard
FNDA:14,DashboardPage
FNDA:3,(anonymous_8)
FNDA:3,(anonymous_9)
FNDA:0,(anonymous_10)
FNDA:4,(anonymous_11)
FNDA:3,(anonymous_12)
FNDA:6,(anonymous_13)
FNDA:1,handleCheckAlerts
FNDA:9,(anonymous_15)
FNDA:6,(anonymous_16)
FNDA:9,(anonymous_17)
FNDA:6,(anonymous_18)
FNDA:9,(anonymous_19)
FNDA:36,(anonymous_20)
FNDA:9,(anonymous_21)
FNDA:6,(anonymous_22)
FNDA:0,(anonymous_23)
FNDA:0,(anonymous_24)
FNDA:11,(anonymous_25)
FNDA:0,(anonymous_26)
FNDA:16,(anonymous_27)
FNDA:0,(anonymous_28)
FNDA:8,(anonymous_29)
FNDA:3,(anonymous_30)
FNDA:0,(anonymous_31)
DA:27,1
DA:38,1
DA:45,11
DA:49,7
DA:50,7
DA:53,0
DA:54,0
DA:57,0
DA:61,116
DA:62,116
DA:66,49
DA:73,19
DA:80,55
DA:93,44
DA:106,14
DA:108,14
DA:109,14
DA:110,14
DA:111,14
DA:112,14
DA:114,14
DA:115,14
DA:116,14
DA:118,14
DA:119,14
DA:121,14
DA:122,3
DA:123,0
DA:126,3
DA:127,3
DA:128,3
DA:130,3
DA:131,3
DA:133,3
DA:135,3
DA:136,3
DA:139,0
DA:142,0
DA:145,3
DA:148,0
DA:150,3
DA:154,14
DA:156,4
DA:157,0
DA:160,4
DA:161,4
DA:162,4
DA:164,4
DA:169,4
DA:170,4
DA:172,0
DA:174,4
DA:180,14
DA:181,3
DA:184,14
DA:185,6
DA:186,3
DA:191,1
DA:192,0
DA:195,1
DA:196,1
DA:197,1
DA:199,1
DA:207,1
DA:209,0
DA:211,1
DA:215,14
DA:217,9
DA:224,14
DA:226,9
DA:234,14
DA:235,9
DA:236,9
DA:238,36
DA:244,14
DA:246,9
DA:249,6
DA:253,0
DA:259,14
DA:260,3
DA:263,11
DA:274,0
DA:280,11
DA:343,0
DA:377,16
DA:384,0
DA:410,8
DA:442,3
DA:452,0
LF:89
LH:73
BRDA:45,0,0,11
BRDA:45,0,1,0
BRDA:45,1,0,11
BRDA:45,1,1,3
BRDA:49,2,0,7
BRDA:49,2,1,0
BRDA:53,3,0,0
BRDA:53,3,1,0
BRDA:61,4,0,116
BRDA:61,4,1,15
BRDA:62,5,0,116
BRDA:62,5,1,0
BRDA:79,6,0,55
BRDA:85,7,0,11
BRDA:85,7,1,44
BRDA:97,8,0,44
BRDA:97,8,1,0
BRDA:118,9,0,14
BRDA:118,9,1,6
BRDA:119,10,0,14
BRDA:119,10,1,6
BRDA:122,11,0,0
BRDA:122,11,1,3
BRDA:136,12,0,0
BRDA:136,12,1,3
BRDA:137,13,0,3
BRDA:137,13,1,0
BRDA:145,14,0,3
BRDA:145,14,1,0
BRDA:156,15,0,0
BRDA:156,15,1,4
BRDA:156,16,0,4
BRDA:156,16,1,4
BRDA:185,17,0,3
BRDA:185,17,1,3
BRDA:191,18,0,0
BRDA:191,18,1,1
BRDA:191,19,0,1
BRDA:191,19,1,1
BRDA:239,20,0,9
BRDA:239,20,1,27
BRDA:259,21,0,3
BRDA:259,21,1,11
BRDA:276,22,0,0
BRDA:276,22,1,11
BRDA:291,23,0,14
BRDA:291,23,1,10
BRDA:293,24,0,1
BRDA:293,24,1,10
BRDA:298,25,0,0
BRDA:298,25,1,11
BRDA:322,26,0,14
BRDA:322,26,1,3
BRDA:408,27,0,8
BRDA:408,27,1,3
BRF:55
BRH:41
end_of_record
TN:
SF:src\pages\GrahamPage.jsx
FN:13,getApiError
FN:27,GrahamPage
FN:41,(anonymous_2)
FN:45,handleChange
FN:48,(anonymous_4)
FN:54,handleTickerChange
FN:55,(anonymous_6)
FN:65,handleAssetSelected
FN:75,(anonymous_8)
FN:84,buildPayload
FN:102,handleSubmit
FN:219,(anonymous_11)
FNF:12
FNH:9
FNDA:0,getApiError
FNDA:15,GrahamPage
FNDA:7,(anonymous_2)
FNDA:5,handleChange
FNDA:5,(anonymous_4)
FNDA:5,handleTickerChange
FNDA:5,(anonymous_6)
FNDA:0,handleAssetSelected
FNDA:0,(anonymous_8)
FNDA:1,buildPayload
FNDA:2,handleSubmit
FNDA:45,(anonymous_11)
DA:7,1
DA:14,0
DA:16,0
DA:17,0
DA:20,0
DA:21,0
DA:24,0
DA:28,15
DA:30,15
DA:36,15
DA:37,15
DA:38,15
DA:39,15
DA:41,15
DA:42,7
DA:46,5
DA:48,5
DA:55,5
DA:60,5
DA:61,5
DA:62,5
DA:66,0
DA:67,0
DA:68,0
DA:69,0
DA:70,0
DA:73,0
DA:75,0
DA:80,0
DA:81,0
DA:85,1
DA:91,1
DA:92,1
DA:95,1
DA:96,1
DA:99,1
DA:103,2
DA:105,2
DA:106,2
DA:108,2
DA:109,1
DA:110,1
DA:113,1
DA:115,1
DA:116,1
DA:117,1
DA:119,0
DA:121,1
DA:125,15
DA:220,45
LF:50
LH:34
BRDA:16,0,0,0
BRDA:16,0,1,0
BRDA:20,1,0,0
BRDA:20,1,1,0
BRDA:20,2,0,0
BRDA:20,2,1,0
BRDA:24,3,0,0
BRDA:24,3,1,0
BRDA:42,4,0,7
BRDA:42,4,1,7
BRDA:42,4,2,2
BRDA:57,5,0,5
BRDA:57,5,1,0
BRDA:66,6,0,0
BRDA:66,6,1,0
BRDA:91,7,0,1
BRDA:91,7,1,0
BRDA:95,8,0,1
BRDA:95,8,1,0
BRDA:108,9,0,1
BRDA:108,9,1,1
BRDA:157,10,0,15
BRDA:157,10,1,12
BRDA:169,11,0,15
BRDA:169,11,1,0
BRDA:175,12,0,0
BRDA:175,12,1,0
BRDA:207,13,0,15
BRDA:207,13,1,1
BRDA:210,14,0,1
BRDA:210,14,1,14
BRF:31
BRH:15
end_of_record
TN:
SF:src\pages\HomePage.jsx
FN:82,HomePage
FN:144,(anonymous_1)
FN:166,(anonymous_2)
FN:180,(anonymous_3)
FN:205,(anonymous_4)
FNF:5
FNH:0
FNDA:0,HomePage
FNDA:0,(anonymous_1)
FNDA:0,(anonymous_2)
FNDA:0,(anonymous_3)
FNDA:0,(anonymous_4)
DA:3,0
DA:36,0
DA:63,0
DA:83,0
DA:145,0
DA:167,0
DA:181,0
DA:206,0
LF:8
LH:0
BRF:0
BRH:0
end_of_record
TN:
SF:src\pages\LoginPage.jsx
FN:5,LoginPage
FN:17,handleChange
FN:19,(anonymous_2)
FN:25,handleSubmit
FNF:4
FNH:0
FNDA:0,LoginPage
FNDA:0,handleChange
FNDA:0,(anonymous_2)
FNDA:0,handleSubmit
DA:6,0
DA:7,0
DA:9,0
DA:14,0
DA:15,0
DA:18,0
DA:19,0
DA:26,0
DA:27,0
DA:28,0
DA:30,0
DA:31,0
DA:32,0
DA:34,0
DA:36,0
DA:40,0
LF:16
LH:0
BRDA:69,0,0,0
BRDA:69,0,1,0
BRDA:72,1,0,0
BRDA:72,1,1,0
BRF:4
BRH:0
end_of_record
TN:
SF:src\pages\PortfolioSimulatorPage.jsx
FN:15,cleanTicker
FN:27,formatCurrency
FN:36,formatPercent
FN:45,extractErrorMessage
FN:74,buildItemMetrics
FN:105,PortfolioSimulatorPage
FN:117,(anonymous_6)
FN:118,(anonymous_7)
FN:124,(anonymous_8)
FN:125,(anonymous_9)
FN:160,handleFormChange
FN:163,(anonymous_11)
FN:169,handleTickerChange
FN:170,(anonymous_13)
FN:180,handleAssetSelected
FN:188,(anonymous_15)
FN:194,resetForm
FN:199,handleAddItem
FN:243,(anonymous_18)
FN:254,handleRemoveItem
FN:255,(anonymous_20)
FN:255,(anonymous_21)
FN:258,handleClearSimulation
FN:270,handleSaveAsPortfolio
FN:492,(anonymous_24)
FN:538,(anonymous_25)
FN:568,(anonymous_26)
FNF:27
FNH:0
FNDA:0,cleanTicker
FNDA:0,formatCurrency
FNDA:0,formatPercent
FNDA:0,extractErrorMessage
FNDA:0,buildItemMetrics
FNDA:0,PortfolioSimulatorPage
FNDA:0,(anonymous_6)
FNDA:0,(anonymous_7)
FNDA:0,(anonymous_8)
FNDA:0,(anonymous_9)
FNDA:0,handleFormChange
FNDA:0,(anonymous_11)
FNDA:0,handleTickerChange
FNDA:0,(anonymous_13)
FNDA:0,handleAssetSelected
FNDA:0,(anonymous_15)
FNDA:0,resetForm
FNDA:0,handleAddItem
FNDA:0,(anonymous_18)
FNDA:0,handleRemoveItem
FNDA:0,(anonymous_20)
FNDA:0,(anonymous_21)
FNDA:0,handleClearSimulation
FNDA:0,handleSaveAsPortfolio
FNDA:0,(anonymous_24)
FNDA:0,(anonymous_25)
FNDA:0,(anonymous_26)
DA:7,0
DA:16,0
DA:17,0
DA:20,0
DA:28,0
DA:30,0
DA:37,0
DA:39,0
DA:46,0
DA:48,0
DA:49,0
DA:52,0
DA:53,0
DA:56,0
DA:57,0
DA:60,0
DA:61,0
DA:63,0
DA:64,0
DA:67,0
DA:68,0
DA:71,0
DA:75,0
DA:76,0
DA:77,0
DA:78,0
DA:80,0
DA:81,0
DA:82,0
DA:83,0
DA:85,0
DA:87,0
DA:89,0
DA:93,0
DA:106,0
DA:108,0
DA:109,0
DA:110,0
DA:111,0
DA:112,0
DA:113,0
DA:114,0
DA:115,0
DA:117,0
DA:118,0
DA:124,0
DA:125,0
DA:127,0
DA:128,0
DA:129,0
DA:130,0
DA:132,0
DA:142,0
DA:144,0
DA:146,0
DA:148,0
DA:150,0
DA:161,0
DA:163,0
DA:170,0
DA:175,0
DA:176,0
DA:177,0
DA:181,0
DA:182,0
DA:183,0
DA:186,0
DA:188,0
DA:195,0
DA:196,0
DA:200,0
DA:202,0
DA:203,0
DA:204,0
DA:206,0
DA:207,0
DA:208,0
DA:211,0
DA:212,0
DA:213,0
DA:216,0
DA:217,0
DA:218,0
DA:221,0
DA:222,0
DA:223,0
DA:224,0
DA:226,0
DA:228,0
DA:243,0
DA:244,0
DA:246,0
DA:250,0
DA:255,0
DA:259,0
DA:261,0
DA:262,0
DA:265,0
DA:266,0
DA:267,0
DA:271,0
DA:272,0
DA:273,0
DA:276,0
DA:277,0
DA:278,0
DA:279,0
DA:281,0
DA:290,0
DA:291,0
DA:304,0
DA:308,0
DA:312,0
DA:316,0
DA:492,0
DA:539,0
DA:568,0
LF:117
LH:0
BRDA:16,0,0,0
BRDA:16,0,1,0
BRDA:28,1,0,0
BRDA:28,1,1,0
BRDA:33,2,0,0
BRDA:33,2,1,0
BRDA:37,3,0,0
BRDA:37,3,1,0
BRDA:42,4,0,0
BRDA:42,4,1,0
BRDA:48,5,0,0
BRDA:48,5,1,0
BRDA:52,6,0,0
BRDA:52,6,1,0
BRDA:56,7,0,0
BRDA:56,7,1,0
BRDA:63,8,0,0
BRDA:63,8,1,0
BRDA:63,9,0,0
BRDA:63,9,1,0
BRDA:67,10,0,0
BRDA:67,10,1,0
BRDA:75,11,0,0
BRDA:75,11,1,0
BRDA:76,12,0,0
BRDA:76,12,1,0
BRDA:77,13,0,0
BRDA:77,13,1,0
BRDA:78,14,0,0
BRDA:78,14,1,0
BRDA:82,15,0,0
BRDA:82,15,1,0
BRDA:85,16,0,0
BRDA:85,16,1,0
BRDA:87,17,0,0
BRDA:87,17,1,0
BRDA:89,18,0,0
BRDA:89,18,1,0
BRDA:89,19,0,0
BRDA:89,19,1,0
BRDA:101,20,0,0
BRDA:101,20,1,0
BRDA:129,21,0,0
BRDA:129,21,1,0
BRDA:130,22,0,0
BRDA:130,22,1,0
BRDA:144,23,0,0
BRDA:144,23,1,0
BRDA:148,24,0,0
BRDA:148,24,1,0
BRDA:181,25,0,0
BRDA:181,25,1,0
BRDA:206,26,0,0
BRDA:206,26,1,0
BRDA:211,27,0,0
BRDA:211,27,1,0
BRDA:211,28,0,0
BRDA:211,28,1,0
BRDA:216,29,0,0
BRDA:216,29,1,0
BRDA:216,30,0,0
BRDA:216,30,1,0
BRDA:230,31,0,0
BRDA:230,31,1,0
BRDA:230,32,0,0
BRDA:230,32,1,0
BRDA:234,33,0,0
BRDA:234,33,1,0
BRDA:234,33,2,0
BRDA:235,34,0,0
BRDA:235,34,1,0
BRDA:236,35,0,0
BRDA:236,35,1,0
BRDA:239,36,0,0
BRDA:239,36,1,0
BRDA:261,37,0,0
BRDA:261,37,1,0
BRDA:271,38,0,0
BRDA:271,38,1,0
BRDA:283,39,0,0
BRDA:283,39,1,0
BRDA:297,40,0,0
BRDA:297,40,1,0
BRDA:339,41,0,0
BRDA:339,41,1,0
BRDA:341,42,0,0
BRDA:341,42,1,0
BRDA:419,43,0,0
BRDA:419,43,1,0
BRDA:452,44,0,0
BRDA:452,44,1,0
BRDA:473,45,0,0
BRDA:473,45,1,0
BRDA:502,46,0,0
BRDA:502,46,1,0
BRDA:504,47,0,0
BRDA:504,47,1,0
BRDA:531,48,0,0
BRDA:531,48,1,0
BRDA:548,49,0,0
BRDA:548,49,1,0
BRDA:553,50,0,0
BRDA:553,50,1,0
BRDA:558,51,0,0
BRDA:558,51,1,0
BRDA:593,52,0,0
BRDA:593,52,1,0
BRDA:613,53,0,0
BRDA:613,53,1,0
BRDA:630,54,0,0
BRDA:630,54,1,0
BRDA:639,55,0,0
BRDA:639,55,1,0
BRDA:646,56,0,0
BRDA:646,56,1,0
BRF:115
BRH:0
end_of_record
TN:
SF:src\pages\PortfoliosPage.jsx
FN:33,extractErrorMessage
FN:62,getDefaultAlertForm
FN:70,PortfoliosPage
FN:92,(anonymous_3)
FN:94,(anonymous_4)
FN:99,(anonymous_5)
FN:106,(anonymous_6)
FN:115,(anonymous_7)
FN:127,(anonymous_8)
FN:130,(anonymous_9)
FN:137,(anonymous_10)
FN:155,(anonymous_11)
FN:159,(anonymous_12)
FN:165,handlePortfolioFieldChange
FN:168,(anonymous_14)
FN:174,handleItemFieldChange
FN:177,(anonymous_16)
FN:183,handleAssetChange
FN:184,(anonymous_18)
FN:191,resetPortfolioForm
FN:196,resetItemForm
FN:201,scrollToPortfolioForm
FN:208,handlePortfolioSubmit
FN:256,handleEditPortfolio
FN:265,handleDeletePortfolio
FN:289,handleItemSubmit
FN:338,handleEditItem
FN:350,handleDeleteItem
FN:374,getAlertForm
FN:378,handleAlertFieldChange
FN:381,(anonymous_30)
FN:390,resetAlertForm
FN:391,(anonymous_32)
FN:397,handleAlertSubmit
FN:433,handleDeleteAlert
FN:469,(anonymous_35)
FN:506,(anonymous_36)
FN:525,(anonymous_37)
FN:535,(anonymous_38)
FN:550,(anonymous_39)
FN:558,(anonymous_40)
FN:584,(anonymous_41)
FNF:42
FNH:0
FNDA:0,extractErrorMessage
FNDA:0,getDefaultAlertForm
FNDA:0,PortfoliosPage
FNDA:0,(anonymous_3)
FNDA:0,(anonymous_4)
FNDA:0,(anonymous_5)
FNDA:0,(anonymous_6)
FNDA:0,(anonymous_7)
FNDA:0,(anonymous_8)
FNDA:0,(anonymous_9)
FNDA:0,(anonymous_10)
FNDA:0,(anonymous_11)
FNDA:0,(anonymous_12)
FNDA:0,handlePortfolioFieldChange
FNDA:0,(anonymous_14)
FNDA:0,handleItemFieldChange
FNDA:0,(anonymous_16)
FNDA:0,handleAssetChange
FNDA:0,(anonymous_18)
FNDA:0,resetPortfolioForm
FNDA:0,resetItemForm
FNDA:0,scrollToPortfolioForm
FNDA:0,handlePortfolioSubmit
FNDA:0,handleEditPortfolio
FNDA:0,handleDeletePortfolio
FNDA:0,handleItemSubmit
FNDA:0,handleEditItem
FNDA:0,handleDeleteItem
FNDA:0,getAlertForm
FNDA:0,handleAlertFieldChange
FNDA:0,(anonymous_30)
FNDA:0,resetAlertForm
FNDA:0,(anonymous_32)
FNDA:0,handleAlertSubmit
FNDA:0,handleDeleteAlert
FNDA:0,(anonymous_35)
FNDA:0,(anonymous_36)
FNDA:0,(anonymous_37)
FNDA:0,(anonymous_38)
FNDA:0,(anonymous_39)
FNDA:0,(anonymous_40)
FNDA:0,(anonymous_41)
DA:19,0
DA:24,0
DA:34,0
DA:36,0
DA:37,0
DA:40,0
DA:41,0
DA:44,0
DA:45,0
DA:48,0
DA:49,0
DA:51,0
DA:52,0
DA:55,0
DA:56,0
DA:59,0
DA:63,0
DA:71,0
DA:72,0
DA:74,0
DA:75,0
DA:76,0
DA:77,0
DA:78,0
DA:79,0
DA:81,0
DA:82,0
DA:83,0
DA:85,0
DA:86,0
DA:87,0
DA:89,0
DA:90,0
DA:92,0
DA:94,0
DA:99,0
DA:100,0
DA:102,0
DA:103,0
DA:106,0
DA:107,0
DA:108,0
DA:110,0
DA:114,0
DA:116,0
DA:117,0
DA:120,0
DA:121,0
DA:122,0
DA:124,0
DA:125,0
DA:127,0
DA:128,0
DA:130,0
DA:132,0
DA:135,0
DA:137,0
DA:139,0
DA:142,0
DA:145,0
DA:149,0
DA:155,0
DA:156,0
DA:159,0
DA:160,0
DA:161,0
DA:162,0
DA:166,0
DA:168,0
DA:175,0
DA:177,0
DA:184,0
DA:192,0
DA:193,0
DA:197,0
DA:198,0
DA:202,0
DA:209,0
DA:211,0
DA:212,0
DA:213,0
DA:216,0
DA:217,0
DA:218,0
DA:219,0
DA:221,0
DA:222,0
DA:231,0
DA:232,0
DA:234,0
DA:242,0
DA:243,0
DA:246,0
DA:248,0
DA:252,0
DA:257,0
DA:258,0
DA:262,0
DA:266,0
DA:270,0
DA:271,0
DA:274,0
DA:275,0
DA:276,0
DA:278,0
DA:279,0
DA:281,0
DA:283,0
DA:290,0
DA:292,0
DA:293,0
DA:296,0
DA:297,0
DA:298,0
DA:300,0
DA:304,0
DA:312,0
DA:313,0
DA:314,0
DA:315,0
DA:318,0
DA:319,0
DA:320,0
DA:321,0
DA:323,0
DA:324,0
DA:327,0
DA:328,0
DA:330,0
DA:334,0
DA:339,0
DA:340,0
DA:351,0
DA:355,0
DA:356,0
DA:359,0
DA:360,0
DA:361,0
DA:363,0
DA:364,0
DA:366,0
DA:368,0
DA:375,0
DA:379,0
DA:381,0
DA:391,0
DA:398,0
DA:400,0
DA:401,0
DA:404,0
DA:406,0
DA:407,0
DA:408,0
DA:409,0
DA:411,0
DA:420,0
DA:421,0
DA:423,0
DA:425,0
DA:429,0
DA:434,0
DA:435,0
DA:438,0
DA:439,0
DA:440,0
DA:442,0
DA:443,0
DA:445,0
DA:447,0
DA:453,0
DA:469,0
DA:506,0
DA:526,0
DA:535,0
DA:550,0
DA:558,0
DA:584,0
LF:177
LH:0
BRDA:36,0,0,0
BRDA:36,0,1,0
BRDA:40,1,0,0
BRDA:40,1,1,0
BRDA:44,2,0,0
BRDA:44,2,1,0
BRDA:51,3,0,0
BRDA:51,3,1,0
BRDA:51,4,0,0
BRDA:51,4,1,0
BRDA:55,5,0,0
BRDA:55,5,1,0
BRDA:66,6,0,0
BRDA:66,6,1,0
BRDA:66,6,2,0
BRDA:94,7,0,0
BRDA:94,7,1,0
BRDA:102,8,0,0
BRDA:102,8,1,0
BRDA:107,9,0,0
BRDA:107,9,1,0
BRDA:108,10,0,0
BRDA:108,10,1,0
BRDA:110,11,0,0
BRDA:110,11,1,0
BRDA:115,12,0,0
BRDA:116,13,0,0
BRDA:116,13,1,0
BRDA:128,14,0,0
BRDA:128,14,1,0
BRDA:129,15,0,0
BRDA:129,15,1,0
BRDA:135,16,0,0
BRDA:135,16,1,0
BRDA:136,17,0,0
BRDA:136,17,1,0
BRDA:142,18,0,0
BRDA:142,18,1,0
BRDA:211,19,0,0
BRDA:211,19,1,0
BRDA:221,20,0,0
BRDA:221,20,1,0
BRDA:259,21,0,0
BRDA:259,21,1,0
BRDA:260,22,0,0
BRDA:260,22,1,0
BRDA:270,23,0,0
BRDA:270,23,1,0
BRDA:292,24,0,0
BRDA:292,24,1,0
BRDA:300,25,0,0
BRDA:300,25,1,0
BRDA:308,26,0,0
BRDA:308,26,1,0
BRDA:312,27,0,0
BRDA:312,27,1,0
BRDA:314,28,0,0
BRDA:314,28,1,0
BRDA:319,29,0,0
BRDA:319,29,1,0
BRDA:342,30,0,0
BRDA:342,30,1,0
BRDA:345,31,0,0
BRDA:345,31,1,0
BRDA:346,32,0,0
BRDA:346,32,1,0
BRDA:355,33,0,0
BRDA:355,33,1,0
BRDA:355,34,0,0
BRDA:355,34,1,0
BRDA:375,35,0,0
BRDA:375,35,1,0
BRDA:400,36,0,0
BRDA:400,36,1,0
BRDA:434,37,0,0
BRDA:434,37,1,0
BRDA:476,38,0,0
BRDA:476,38,1,0
BRDA:477,39,0,0
BRDA:477,39,1,0
BRDA:511,40,0,0
BRDA:511,40,1,0
BRDA:513,41,0,0
BRDA:513,41,1,0
BRDA:518,42,0,0
BRDA:518,42,1,0
BRDA:529,43,0,0
BRDA:529,43,1,0
BRDA:540,44,0,0
BRDA:540,44,1,0
BRDA:573,45,0,0
BRDA:573,45,1,0
BRDA:575,46,0,0
BRDA:575,46,1,0
BRDA:579,47,0,0
BRDA:579,47,1,0
BRF:96
BRH:0
end_of_record
TN:
SF:src\pages\ProjectedPage.jsx
FN:13,getApiError
FN:27,ProjectedPage
FN:41,(anonymous_2)
FN:45,handleChange
FN:48,(anonymous_4)
FN:54,handleTickerChange
FN:55,(anonymous_6)
FN:65,handleAssetSelected
FN:75,(anonymous_8)
FN:84,buildPayload
FN:102,handleSubmit
FN:219,(anonymous_11)
FNF:12
FNH:9
FNDA:0,getApiError
FNDA:14,ProjectedPage
FNDA:7,(anonymous_2)
FNDA:4,handleChange
FNDA:4,(anonymous_4)
FNDA:5,handleTickerChange
FNDA:5,(anonymous_6)
FNDA:0,handleAssetSelected
FNDA:0,(anonymous_8)
FNDA:1,buildPayload
FNDA:2,handleSubmit
FNDA:42,(anonymous_11)
DA:7,1
DA:14,0
DA:16,0
DA:17,0
DA:20,0
DA:21,0
DA:24,0
DA:28,14
DA:30,14
DA:36,14
DA:37,14
DA:38,14
DA:39,14
DA:41,14
DA:42,7
DA:46,4
DA:48,4
DA:55,5
DA:60,5
DA:61,5
DA:62,5
DA:66,0
DA:67,0
DA:68,0
DA:69,0
DA:70,0
DA:73,0
DA:75,0
DA:80,0
DA:81,0
DA:85,1
DA:91,1
DA:92,1
DA:95,1
DA:96,1
DA:99,1
DA:103,2
DA:105,2
DA:106,2
DA:108,2
DA:109,1
DA:110,1
DA:113,1
DA:115,1
DA:116,1
DA:117,1
DA:119,0
DA:121,1
DA:125,14
DA:220,42
LF:50
LH:34
BRDA:16,0,0,0
BRDA:16,0,1,0
BRDA:20,1,0,0
BRDA:20,1,1,0
BRDA:20,2,0,0
BRDA:20,2,1,0
BRDA:24,3,0,0
BRDA:24,3,1,0
BRDA:42,4,0,7
BRDA:42,4,1,7
BRDA:42,4,2,2
BRDA:57,5,0,5
BRDA:57,5,1,0
BRDA:66,6,0,0
BRDA:66,6,1,0
BRDA:91,7,0,1
BRDA:91,7,1,0
BRDA:95,8,0,1
BRDA:95,8,1,0
BRDA:108,9,0,1
BRDA:108,9,1,1
BRDA:157,10,0,14
BRDA:157,10,1,11
BRDA:169,11,0,14
BRDA:169,11,1,0
BRDA:175,12,0,0
BRDA:175,12,1,0
BRDA:207,13,0,14
BRDA:207,13,1,1
BRDA:210,14,0,1
BRDA:210,14,1,13
BRF:31
BRH:15
end_of_record
TN:
SF:src\services\assetsApi.js
FN:3,buildAuthConfig
FN:19,listAssets
FN:24,searchAssets
FN:39,syncAssetByTicker
FNF:4
FNH:0
FNDA:0,buildAuthConfig
FNDA:0,listAssets
FNDA:0,searchAssets
FNDA:0,syncAssetByTicker
DA:4,0
DA:6,0
DA:7,0
DA:12,0
DA:13,0
DA:16,0
DA:20,0
DA:21,0
DA:25,0
DA:26,0
DA:29,0
DA:36,0
DA:40,0
DA:49,0
LF:14
LH:0
BRDA:6,0,0,0
BRDA:6,0,1,0
BRDA:12,1,0,0
BRDA:12,1,1,0
BRDA:25,2,0,0
BRDA:25,2,1,0
BRDA:25,3,0,0
BRDA:25,3,1,0
BRDA:39,4,0,0
BRF:9
BRH:0
end_of_record
TN:
SF:src\services\authApi.jsx
FN:3,login
FN:8,refreshToken
FN:13,getMe
FN:18,logout
FNF:4
FNH:0
FNDA:0,login
FNDA:0,refreshToken
FNDA:0,getMe
FNDA:0,logout
DA:4,0
DA:5,0
DA:9,0
DA:10,0
DA:14,0
DA:15,0
DA:19,0
DA:20,0
LF:8
LH:0
BRF:0
BRH:0
end_of_record
TN:
SF:src\services\http.js
FN:14,(anonymous_0)
FN:16,setHttpAccessToken
FN:20,clearHttpAccessToken
FN:24,setUnauthorizedHandler
FN:25,(anonymous_4)
FN:28,refreshAccessToken
FN:32,(anonymous_6)
FN:37,(anonymous_7)
FN:42,(anonymous_8)
FN:50,(anonymous_9)
FN:59,(anonymous_10)
FN:61,(anonymous_11)
FNF:12
FNH:0
FNDA:0,(anonymous_0)
FNDA:0,setHttpAccessToken
FNDA:0,clearHttpAccessToken
FNDA:0,setUnauthorizedHandler
FNDA:0,(anonymous_4)
FNDA:0,refreshAccessToken
FNDA:0,(anonymous_6)
FNDA:0,(anonymous_7)
FNDA:0,(anonymous_8)
FNDA:0,(anonymous_9)
FNDA:0,(anonymous_10)
FNDA:0,(anonymous_11)
DA:4,0
DA:7,0
DA:12,0
DA:13,0
DA:14,0
DA:17,0
DA:21,0
DA:25,0
DA:29,0
DA:30,0
DA:33,0
DA:34,0
DA:35,0
DA:38,0
DA:39,0
DA:40,0
DA:43,0
DA:47,0
DA:50,0
DA:51,0
DA:52,0
DA:53,0
DA:56,0
DA:59,0
DA:60,0
DA:62,0
DA:63,0
DA:64,0
DA:66,0
DA:67,0
DA:69,0
DA:75,0
DA:78,0
DA:80,0
DA:81,0
DA:83,0
DA:84,0
DA:86,0
DA:88,0
LF:39
LH:0
BRDA:4,0,0,0
BRDA:4,0,1,0
BRDA:25,1,0,0
BRDA:25,1,1,0
BRDA:29,2,0,0
BRDA:29,2,1,0
BRDA:51,3,0,0
BRDA:51,3,1,0
BRDA:52,4,0,0
BRDA:52,4,1,0
BRDA:64,5,0,0
BRDA:64,5,1,0
BRDA:69,6,0,0
BRDA:69,6,1,0
BRDA:70,7,0,0
BRDA:70,7,1,0
BRDA:70,7,2,0
BRDA:70,7,3,0
BRDA:83,8,0,0
BRDA:83,8,1,0
BRF:20
BRH:0
end_of_record
TN:
SF:src\services\portfoliosApi.js
FN:3,buildConfig
FN:19,listPortfolios
FN:24,createPortfolio
FN:33,updatePortfolio
FN:42,deletePortfolio
FN:46,listPortfolioItems
FN:54,createPortfolioItem
FN:63,updatePortfolioItem
FN:72,deletePortfolioItem
FN:76,listPortfolioAlerts
FN:84,createPortfolioAlert
FN:93,updatePortfolioAlert
FN:102,deletePortfolioAlert
FN:106,getPortfolioSimulation
FN:115,listPortfolioAlertEvents
FN:124,checkPortfolioAlertEvents
FN:134,markPortfolioAlertEventAsRead
FNF:17
FNH:6
FNDA:5,buildConfig
FNDA:1,listPortfolios
FNDA:0,createPortfolio
FNDA:0,updatePortfolio
FNDA:0,deletePortfolio
FNDA:0,listPortfolioItems
FNDA:0,createPortfolioItem
FNDA:0,updatePortfolioItem
FNDA:0,deletePortfolioItem
FNDA:0,listPortfolioAlerts
FNDA:0,createPortfolioAlert
FNDA:0,updatePortfolioAlert
FNDA:0,deletePortfolioAlert
FNDA:1,getPortfolioSimulation
FNDA:1,listPortfolioAlertEvents
FNDA:1,checkPortfolioAlertEvents
FNDA:1,markPortfolioAlertEventAsRead
DA:4,5
DA:6,5
DA:7,5
DA:12,5
DA:13,1
DA:16,5
DA:20,1
DA:21,1
DA:25,0
DA:30,0
DA:34,0
DA:39,0
DA:43,0
DA:47,0
DA:51,0
DA:55,0
DA:60,0
DA:64,0
DA:69,0
DA:73,0
DA:77,0
DA:81,0
DA:85,0
DA:90,0
DA:94,0
DA:99,0
DA:103,0
DA:107,1
DA:112,1
DA:116,1
DA:121,1
DA:125,1
DA:131,1
DA:135,1
DA:141,1
LF:35
LH:16
BRDA:6,0,0,5
BRDA:6,0,1,0
BRDA:12,1,0,1
BRDA:12,1,1,4
BRDA:115,2,0,1
BRDA:124,3,0,1
BRF:6
BRH:5
end_of_record
TN:
SF:src\services\valuationApi.js
FN:11,authHeaders
FN:21,calculateBarsi
FN:29,calculateGraham
FN:37,calculateProjected
FNF:4
FNH:0
FNDA:0,authHeaders
FNDA:0,calculateBarsi
FNDA:0,calculateGraham
FNDA:0,calculateProjected
DA:4,0
DA:6,0
DA:12,0
DA:13,0
DA:16,0
DA:22,0
DA:26,0
DA:30,0
DA:34,0
DA:38,0
DA:42,0
LF:11
LH:0
BRDA:4,0,0,0
BRDA:4,0,1,0
BRDA:12,1,0,0
BRDA:12,1,1,0
BRF:4
BRH:0
end_of_record
